-------------------------------------------------------------------------------
Test set: school_management_application.AppTest
-------------------------------------------------------------------------------
Tests run: 13, Failures: 0, Errors: 4, Skipped: 0, Time elapsed: 0.05 sec <<< FAILURE!
testSignInContractWithTeacherSuccessful(school_management_application.AppTest)  Time elapsed: 0.029 sec  <<< ERROR!
java.lang.NoClassDefFoundError: com/itextpdf/text/DocumentException
	at school_management_application.AppTest.testSignInContractWithTeacherSuccessful(AppTest.java:115)
Caused by: java.lang.ClassNotFoundException: com.itextpdf.text.DocumentException
	at java.net.URLClassLoader.findClass(Unknown Source)
	at java.lang.ClassLoader.loadClass(Unknown Source)
	at sun.misc.Launcher$AppClassLoader.loadClass(Unknown Source)
	at java.lang.ClassLoader.loadClass(Unknown Source)
	... 29 more

testSignInContractWithTeacherErrorDuplicateData(school_management_application.AppTest)  Time elapsed: 0.001 sec  <<< ERROR!
java.lang.NoClassDefFoundError: com/itextpdf/text/DocumentException
	at school_management_application.AppTest.testSignInContractWithTeacherErrorDuplicateData(AppTest.java:124)
Caused by: java.lang.ClassNotFoundException: com.itextpdf.text.DocumentException
	at java.net.URLClassLoader.findClass(Unknown Source)
	at java.lang.ClassLoader.loadClass(Unknown Source)
	at sun.misc.Launcher$AppClassLoader.loadClass(Unknown Source)
	at java.lang.ClassLoader.loadClass(Unknown Source)
	... 29 more

testFindTeacherByTeacherIDSuccessful(school_management_application.AppTest)  Time elapsed: 0.002 sec  <<< ERROR!
java.lang.NoClassDefFoundError: com/itextpdf/text/DocumentException
	at school_management_application.AppTest.testFindTeacherByTeacherIDSuccessful(AppTest.java:207)
Caused by: java.lang.ClassNotFoundException: com.itextpdf.text.DocumentException
	at java.net.URLClassLoader.findClass(Unknown Source)
	at java.lang.ClassLoader.loadClass(Unknown Source)
	at sun.misc.Launcher$AppClassLoader.loadClass(Unknown Source)
	at java.lang.ClassLoader.loadClass(Unknown Source)
	... 29 more

testFindTeacherByTeacherIDCantFound(school_management_application.AppTest)  Time elapsed: 0.012 sec  <<< ERROR!
java.lang.NoClassDefFoundError: com/itextpdf/text/DocumentException
	at school_management_application.AppTest.testFindTeacherByTeacherIDCantFound(AppTest.java:221)
Caused by: java.lang.ClassNotFoundException: com.itextpdf.text.DocumentException
	at java.net.URLClassLoader.findClass(Unknown Source)
	at java.lang.ClassLoader.loadClass(Unknown Source)
	at sun.misc.Launcher$AppClassLoader.loadClass(Unknown Source)
	at java.lang.ClassLoader.loadClass(Unknown Source)
	... 29 more

